2024-07-11 15:14:49,907 - INFO - Logging setup complete.
2024-07-11 15:14:49,908 - INFO - Attempting to fetch data from https://web.archive.org/web/20230908091635/https:/en.wikipedia.org/wiki/List_of_largest_banks...
2024-07-11 15:14:52,649 - INFO - Successfully fetched the webpage.
2024-07-11 15:14:52,769 - INFO - Data extraction from Wikipedia successful.
2024-07-11 15:14:52,804 - INFO - Data transformed into DataFrame
2024-07-11 15:14:52,804 - INFO - Data transformation successful.
2024-07-11 15:14:52,813 - INFO - Data transformed with exchange rates
2024-07-11 15:14:52,816 - INFO - Data loaded to CSV file: Largest_banks.csv
2024-07-11 15:14:52,857 - INFO - Data loaded into SQLite database: Largest_banks
2024-07-11 15:14:52,862 - INFO - Query executed: SELECT `Bank name`,COUNT(*) as Bank_Count FROM Largest_banks WHERE `Market cap (US$ billion)` > 100
2024-07-11 15:14:52,866 - INFO - Query executed: SELECT `Bank name`, `Market cap (GBP billion)` FROM Largest_banks WHERE `Market cap (GBP billion)` > 200
2024-07-11 15:14:52,869 - INFO - Query executed: SELECT `Bank name`, `Market cap (INR Billion)` FROM Largest_banks ORDER BY `Market cap (INR Billion)` DESC
2024-07-11 15:14:52,874 - INFO - Query executed: SELECT `Bank name`, `Market cap (US$ billion)` FROM Largest_banks WHERE `Market cap (US$ billion)` = (SELECT MAX(`Market cap (US$ billion)`) FROM banks)
2024-07-11 15:14:53,197 - INFO - Data visualization created for Largest Banks by Market Cap (US$ billion)') 
2024-07-11 15:14:53,481 - INFO - Data visualization created for Count of Banks with Market Cap Greater Than $100 Billion 
2024-07-11 15:14:53,713 - INFO - Data visualization created for Banks with Market Cap in GBP Billion > 200 
2024-07-11 15:14:54,020 - INFO - Data visualization created for Top Banks by Market Cap in INR Billion 
2024-07-11 15:14:54,150 - INFO - Data visualization created for Bank with the Maximum Market Cap in US$ Billion 
2024-07-11 15:34:39,149 - ERROR - No such comm target registered: jupyter.widget.control
2024-07-11 15:34:39,164 - WARNING - No such comm: ba777a54-f746-422a-8945-c5396a5206f8
2024-07-11 15:34:40,149:ERROR:No such comm target registered: jupyter.widget.control
2024-07-11 15:34:40,157:WARNING:No such comm: 38ee26e6-1b91-4685-af0f-bd061e5c9886
